<?xml version="1.0" encoding="UTF-8"?>
<!-- Generated by org.testng.reporters.JUnitXMLReporter -->
<testsuite ignored="0" hostname="EchoCurrentUse" failures="0" tests="7" name="Default test" time="0.054" errors="0" timestamp="2025-08-07T17:17:35 NZST">
  <testcase classname="Testcases.TestCases1" name="SecondTestCase" time="0.006"/>
  <testcase classname="Testcases.TestCases1" name="ThirdTestCase" time="0.002"/>
  <testcase classname="Testcases.BasicTestCases" name="RunTestCase1" time="0.001"/>
  <testcase classname="Testcases.BasicTestCases" name="RunTestCase2" time="0.001"/>
  <testcase classname="Testcases.BasicTestCases" name="RunTestCase3" time="0.001"/>
  <testcase classname="Testcases.BasicTestCases" name="RunTestCase4" time="0.001"/>
  <testcase classname="Testcases.BasicTestCases" name="RunTestNg" time="0.001"/>
</testsuite> <!-- Default test -->
