<?xml version="1.0" encoding="UTF-8"?>
<!-- Generated by org.testng.reporters.JUnitXMLReporter -->
<testsuite ignored="1" hostname="EchoCurrentUse" failures="0" tests="4" name="Performance" time="0.051" errors="0" timestamp="2025-08-07T20:05:38 NZST">
  <testcase classname="Testcases.TestCases1" name="FourthTestCase1" time="0.008"/>
  <testcase classname="Testcases.TestCases1" name="FourthTestCase1" time="0.0"/>
  <testcase classname="Testcases.TestCases1" name="FourthTestCase1" time="0.0"/>
  <testcase classname="Testcases.TestCases1" name="SecondTestCase" time="0.006"/>
  <testcase classname="Testcases.TestCases1" name="ThirdTestCase" time="0.0">
    <ignored/>
  </testcase> <!-- ThirdTestCase -->
</testsuite> <!-- Performance -->
