<?xml version="1.0" encoding="UTF-8"?>
<!-- Generated by org.testng.reporters.JUnitXMLReporter -->
<testsuite ignored="2" hostname="EchoCurrentUse" failures="0" tests="3" name="Regression" time="0.061" errors="0" timestamp="2025-08-07T20:05:38 NZST">
  <testcase classname="Testcases.BasicTestCases" name="RunTestCase1" time="0.008"/>
  <testcase classname="Testcases.BasicTestCases" name="RunTestCase3" time="0.0"/>
  <testcase classname="Testcases.BasicTestCases" name="RunTestNg" time="0.002"/>
  <testcase classname="Testcases.BasicTestCases" name="RunTestCase4" time="0.0">
    <ignored/>
  </testcase> <!-- RunTestCase4 -->
  <testcase classname="Testcases.BasicTestCases" name="RunTestCase2" time="0.0">
    <ignored/>
  </testcase> <!-- RunTestCase2 -->
</testsuite> <!-- Regression -->
