<?xml version="1.0" encoding="UTF-8"?>
<!-- Generated by org.testng.reporters.JUnitXMLReporter -->
<testsuite ignored="0" hostname="EchoCurrentUse" failures="0" tests="5" name="Test" time="0.049" errors="0" timestamp="2025-08-07T17:42:30 NZST">
  <testcase classname="Testcases.BasicTestCases" name="RunTestCase1" time="0.005"/>
  <testcase classname="Testcases.BasicTestCases" name="RunTestCase2" time="0.001"/>
  <testcase classname="Testcases.BasicTestCases" name="RunTestCase3" time="0.0"/>
  <testcase classname="Testcases.BasicTestCases" name="RunTestCase4" time="0.001"/>
  <testcase classname="Testcases.BasicTestCases" name="RunTestNg" time="0.002"/>
</testsuite> <!-- Test -->
