<?xml version="1.0" encoding="UTF-8"?>
<!-- Generated by org.testng.reporters.JUnitXMLReporter -->
<testsuite ignored="2" hostname="EchoCurrentUse" failures="0" tests="1" name="Test1" time="0.003" errors="0" timestamp="2025-08-07T17:42:30 NZST">
  <testcase classname="Testcases.TestCases1" name="SecondTestCase" time="0.001"/>
  <testcase classname="Testcases.TestCases1" name="ThirdTestCase" time="0.0">
    <ignored/>
  </testcase> <!-- ThirdTestCase -->
  <testcase classname="Testcases.TestCases1" name="ThirdTestCase1" time="0.0">
    <ignored/>
  </testcase> <!-- ThirdTestCase1 -->
</testsuite> <!-- Test1 -->
