<?xml version="1.0" encoding="UTF-8"?>
<testng-results ignored="0" total="1" passed="1" failed="0" skipped="0">
  <reporter-output>
  </reporter-output>
  <suite started-at="2025-08-09T16:02:52 NZST" name="Default suite" finished-at="2025-08-09T16:02:56 NZST" duration-ms="3543">
    <groups>
      <group name="cucumber">
        <method signature="AbstractTestNGCucumberTests.runScenario(io.cucumber.testng.PickleWrapper,io.cucumber.testng.FeatureWrapper)[pri:0, instance:Cucumber.TestNgTestRunner@7d20d0b]" name="runScenario" class="io.cucumber.testng.AbstractTestNGCucumberTests"/>
      </group> <!-- cucumber -->
    </groups>
    <test started-at="2025-08-09T16:02:52 NZST" name="Default test" finished-at="2025-08-09T16:02:56 NZST" duration-ms="3543">
      <class name="Cucumber.TestNgTestRunner">
        <test-method is-config="true" signature="setUpClass(org.testng.ITestContext)[pri:0, instance:Cucumber.TestNgTestRunner@7d20d0b]" started-at="2025-08-09T16:02:52 NZST" name="setUpClass" finished-at="2025-08-09T16:02:53 NZST" duration-ms="328" status="PASS">
          <params>
            <param index="0">
              <value>
                <![CDATA[org.testng.TestRunner@444f44c5]]>
              </value>
            </param>
          </params>
          <reporter-output>
          </reporter-output>
        </test-method> <!-- setUpClass -->
        <test-method signature="runScenario(io.cucumber.testng.PickleWrapper,io.cucumber.testng.FeatureWrapper)[pri:0, instance:Cucumber.TestNgTestRunner@7d20d0b]" started-at="2025-08-09T16:02:53 NZST" name="runScenario" description="Runs Cucumber Scenarios" data-provider="scenarios" finished-at="2025-08-09T16:02:56 NZST" duration-ms="3169" status="PASS">
          <params>
            <param index="0">
              <value>
                <![CDATA["Positive Test of Landing Kace website"]]>
              </value>
            </param>
            <param index="1">
              <value>
                <![CDATA["Login Kace Website"]]>
              </value>
            </param>
          </params>
          <reporter-output>
          </reporter-output>
        </test-method> <!-- runScenario -->
        <test-method is-config="true" signature="tearDownClass()[pri:0, instance:Cucumber.TestNgTestRunner@7d20d0b]" started-at="2025-08-09T16:02:56 NZST" name="tearDownClass" finished-at="2025-08-09T16:02:56 NZST" duration-ms="20" status="PASS">
          <reporter-output>
          </reporter-output>
        </test-method> <!-- tearDownClass -->
      </class> <!-- Cucumber.TestNgTestRunner -->
    </test> <!-- Default test -->
  </suite> <!-- Default suite -->
</testng-results>
